<?xml version="1.0" encoding="UTF-8"?>
<testng-results ignored="0" total="1" passed="1" failed="0" skipped="0">
  <reporter-output>
  </reporter-output>
  <suite started-at="2024-08-22T09:40:51 IST" name="Default suite" finished-at="2024-08-22T09:41:02 IST" duration-ms="10865">
    <groups>
    </groups>
    <test started-at="2024-08-22T09:40:51 IST" name="Default test" finished-at="2024-08-22T09:41:02 IST" duration-ms="10865">
      <class name="testscripts.ManageSubCategoryTest">
        <test-method is-config="true" signature="beforeMethod()[pri:0, instance:testscripts.ManageSubCategoryTest@1573f9fc]" started-at="2024-08-22T09:40:51 IST" name="beforeMethod" finished-at="2024-08-22T09:40:56 IST" duration-ms="5005" status="PASS">
          <reporter-output>
          </reporter-output>
        </test-method> <!-- beforeMethod -->
        <test-method signature="verifyAddSubcategory()[pri:0, instance:testscripts.ManageSubCategoryTest@1573f9fc]" started-at="2024-08-22T09:40:56 IST" name="verifyAddSubcategory" finished-at="2024-08-22T09:41:02 IST" duration-ms="5774" status="PASS">
          <reporter-output>
          </reporter-output>
        </test-method> <!-- verifyAddSubcategory -->
        <test-method is-config="true" signature="afterMethod()[pri:0, instance:testscripts.ManageSubCategoryTest@1573f9fc]" started-at="2024-08-22T09:41:02 IST" name="afterMethod" finished-at="2024-08-22T09:41:02 IST" duration-ms="3" status="PASS">
          <reporter-output>
          </reporter-output>
        </test-method> <!-- afterMethod -->
      </class> <!-- testscripts.ManageSubCategoryTest -->
    </test> <!-- Default test -->
  </suite> <!-- Default suite -->
</testng-results>
