<?xml version="1.0" encoding="UTF-8"?>
<!-- Generated by org.testng.reporters.JUnitXMLReporter -->
<testsuite ignored="3" hostname="LAPTOP-V0HJLHIK" failures="1" tests="1" name="Chrome Test" time="8.411" errors="0" timestamp="2024-08-29T07:31:15 IST">
  <testcase classname="testscripts.LoginPageTest" name="verifyEnterValidUsernameAndValidPassword" time="2.389">
    <failure type="java.lang.IllegalStateException" message="Cannot get a STRING value from a NUMERIC cell">
      <![CDATA[java.lang.IllegalStateException: Cannot get a STRING value from a NUMERIC cell
at org.apache.poi.xssf.usermodel.XSSFCell.typeMismatch(XSSFCell.java:984)
at org.apache.poi.xssf.usermodel.XSSFCell.getRichStringCellValue(XSSFCell.java:311)
at org.apache.poi.xssf.usermodel.XSSFCell.getStringCellValue(XSSFCell.java:280)
at utilities.ExcelUtils.getStringData(ExcelUtils.java:28)
at testscripts.LoginPageTest.verifyEnterValidUsernameAndValidPassword(LoginPageTest.java:85)
at java.base/java.util.ArrayList.forEach(ArrayList.java:1511)
... Removed 27 stack frames]]>
    </failure>
  </testcase> <!-- verifyEnterValidUsernameAndValidPassword -->
  <testcase classname="testscripts.LoginPageTest" name="verifyEnterValidUsernameAndInvalidPassword" time="0.0">
    <ignored/>
  </testcase> <!-- verifyEnterValidUsernameAndInvalidPassword -->
  <testcase classname="testscripts.LoginPageTest" name="verifyEnterInvalidUsernameAndValidPassword" time="0.0">
    <ignored/>
  </testcase> <!-- verifyEnterInvalidUsernameAndValidPassword -->
  <testcase classname="testscripts.LoginPageTest" name="verifyEnterInvalidUsernameAndInvalidPassword" time="0.0">
    <ignored/>
  </testcase> <!-- verifyEnterInvalidUsernameAndInvalidPassword -->
</testsuite> <!-- Chrome Test -->
