<?xml version="1.0" encoding="UTF-8"?>
<!-- Generated by org.testng.reporters.JUnitXMLReporter -->
<testsuite ignored="3" hostname="LAPTOP-V0HJLHIK" failures="0" tests="1" name="Edge Test" time="8.887" errors="0" timestamp="2024-09-09T07:10:13 IST">
  <testcase classname="testscripts.LoginPageTest" name="verifyEnterValidUsernameAndValidPassword" time="0.76"/>
  <testcase classname="testscripts.LoginPageTest" name="verifyEnterValidUsernameAndInvalidPassword" time="0.0">
    <ignored/>
  </testcase> <!-- verifyEnterValidUsernameAndInvalidPassword -->
  <testcase classname="testscripts.LoginPageTest" name="verifyEnterInvalidUsernameAndValidPassword" time="0.0">
    <ignored/>
  </testcase> <!-- verifyEnterInvalidUsernameAndValidPassword -->
  <testcase classname="testscripts.LoginPageTest" name="verifyEnterInvalidUsernameAndInvalidPassword" time="0.0">
    <ignored/>
  </testcase> <!-- verifyEnterInvalidUsernameAndInvalidPassword -->
</testsuite> <!-- Edge Test -->
