<?xml version="1.0" encoding="UTF-8"?>
<!-- Generated by org.testng.reporters.JUnitXMLReporter -->
<testsuite ignored="0" hostname="LAPTOP-V0HJLHIK" failures="0" tests="4" name="Default test" time="11.355" errors="0" timestamp="2024-08-22T00:00:20 IST">
  <testcase classname="testscripts.LoginPageTest" name="verifyEnterValidUsernameAndInvalidPassword" time="1.17"/>
  <testcase classname="testscripts.LoginPageTest" name="verifyEnterInvalidUsernameAndValidPassword" time="0.423"/>
  <testcase classname="testscripts.LoginPageTest" name="verifyEnterInvalidUsernameAndInvalidPassword" time="0.429"/>
  <testcase classname="testscripts.LoginPageTest" name="verifyEnterValidUsernameAndPassword" time="0.599"/>
</testsuite> <!-- Default test -->
