<?xml version="1.0" encoding="UTF-8"?>
<!-- Generated by org.testng.reporters.JUnitXMLReporter -->
<testsuite ignored="3" hostname="LAPTOP-V0HJLHIK" failures="1" tests="2" name="7rSupermarket" time="6.675" errors="0" timestamp="2024-08-26T07:43:35 IST">
  <testcase classname="testscripts.LoginPageTest" name="verifyEnterValidUsernameAndInvalidPassword" time="0.052">
    <failure type="java.lang.IllegalArgumentException" message="Keys to send should be a not null CharSequence">
      <![CDATA[java.lang.IllegalArgumentException: Keys to send should be a not null CharSequence
at org.openqa.selenium.remote.RemoteWebElement.sendKeys(RemoteWebElement.java:96)
at org.openqa.selenium.support.pagefactory.internal.LocatingElementHandler.invoke(LocatingElementHandler.java:51)
at jdk.proxy2/jdk.proxy2.$Proxy14.sendKeys(Unknown Source)
at pages.Login.enterValidUsername(Login.java:25)
at testscripts.LoginPageTest.verifyEnterValidUsernameAndInvalidPassword(LoginPageTest.java:35)
at java.base/java.util.ArrayList.forEach(ArrayList.java:1511)
... Removed 31 stack frames]]>
    </failure>
  </testcase> <!-- verifyEnterValidUsernameAndInvalidPassword -->
  <testcase classname="testscripts.LoginPageTest" name="verifyEnterValidUsernameAndInvalidPassword" time="0.537"/>
  <testcase classname="testscripts.LoginPageTest" name="verifyEnterInvalidUsernameAndInvalidPassword" time="0.0">
    <ignored/>
  </testcase> <!-- verifyEnterInvalidUsernameAndInvalidPassword -->
  <testcase classname="testscripts.LoginPageTest" name="verifyEnterValidUsernameAndValidPassword" time="0.0">
    <ignored/>
  </testcase> <!-- verifyEnterValidUsernameAndValidPassword -->
  <testcase classname="testscripts.LoginPageTest" name="verifyEnterInvalidUsernameAndValidPassword" time="0.0">
    <ignored/>
  </testcase> <!-- verifyEnterInvalidUsernameAndValidPassword -->
</testsuite> <!-- 7rSupermarket -->
