<?xml version="1.0" encoding="UTF-8"?>
<!-- Generated by org.testng.reporters.JUnitXMLReporter -->
<testsuite ignored="3" hostname="LAPTOP-V0HJLHIK" failures="0" tests="1" name="Edge Test" time="4.833" errors="0" timestamp="2024-09-03T00:25:04 IST">
  <testcase classname="testscripts.LoginPageTest" name="verifyEnterValidUsernameAndValidPassword" time="1.003"/>
  <testcase classname="testscripts.LoginPageTest" name="verifyEnterInvalidUsernameAndInvalidPassword" time="0.0">
    <ignored/>
  </testcase> <!-- verifyEnterInvalidUsernameAndInvalidPassword -->
  <testcase classname="testscripts.LoginPageTest" name="verifyEnterInvalidUsernameAndValidPassword" time="0.0">
    <ignored/>
  </testcase> <!-- verifyEnterInvalidUsernameAndValidPassword -->
  <testcase classname="testscripts.LoginPageTest" name="verifyEnterValidUsernameAndInvalidPassword" time="0.0">
    <ignored/>
  </testcase> <!-- verifyEnterValidUsernameAndInvalidPassword -->
</testsuite> <!-- Edge Test -->
